----------------------------------------------------------------------
Adding terms #0-#10
Direct error: 0.000105053
Richardson error: 0.0746387
----------------------------------------------------------------------
Adding terms #10-#30
Direct error: 1.10602e-5
Richardson error: 9.5303e-7
----------------------------------------------------------------------
Adding terms #30-#60
Direct error: 2.72974e-6
Richardson error: 4.77855e-22
----------------------------------------------------------------------
Adding terms #60-#100
Direct error: 9.77732e-7
Richardson error: 7.45014e-51
----------------------------------------------------------------------
Adding terms #0-#10
Direct error: 0.00132661
Richardson error: 0.942536
----------------------------------------------------------------------
Adding terms #10-#30
Direct error: 0.000139668
Richardson error: 1.20349e-5
----------------------------------------------------------------------
Adding terms #30-#60
Direct error: 3.44711e-5
Richardson error: 6.03435e-21
----------------------------------------------------------------------
Adding terms #60-#100
Direct error: 1.23468e-5
Richardson error: 9.39307e-50
----------------------------------------------------------------------
Adding terms #100-#150
Direct error: 5.47363e-6
Richardson error: 2.02238e-85
Sum of F(k)^4:
	 0.07463960715151959272725542752705485435561425481480583579118891616
Sum of abs(G(k))^(4/3):
	 1.88509635262914968733569626740377511940895683024823141154615938
This gives bounds:
0.574639607151519592727255427527052952 <= nu_2^2 <=
0.574639607151519592727255427527054854
delta: 1.903e-33
